<?xml version="1.0" encoding="UTF-8"?>
<!-- Generated by org.testng.reporters.JUnitXMLReporter -->
<testsuite hostname="JAGA" ignored="0" name="RetryMulitple" tests="3" failures="1" timestamp="20 Aug 2018 04:11:29 GMT" time="19.637" errors="0">
  <testcase name="verifyForgotPasswordPage" time="4.0" classname="testNGFailedTestRerun.FailRerunExample">
    <skipped/>
  </testcase> <!-- verifyForgotPasswordPage -->
  <testcase name="verifyForgotPasswordPage" time="0.962" classname="testNGFailedTestRerun.FailRerunExample">
    <skipped/>
  </testcase> <!-- verifyForgotPasswordPage -->
  <testcase name="verifyForgotPasswordPage" time="0.952" classname="testNGFailedTestRerun.FailRerunExample">
    <failure type="java.lang.AssertionError" message="expected [Wrong text] but found [Forgot password?]">
      <![CDATA[java.lang.AssertionError: expected [Wrong text] but found [Forgot password?]
	at testNGFailedTestRerun.FailRerunExample.verifyForgotPasswordPage(FailRerunExample.java:40)
... Removed 31 stack frames]]>
    </failure>
  </testcase> <!-- verifyForgotPasswordPage -->
</testsuite> <!-- RetryMulitple -->
