<?xml version="1.0" encoding="UTF-8"?>
<!-- Generated by org.testng.reporters.JUnitXMLReporter -->
<testsuite hostname="JAGA" ignored="0" name="RetryMulitple1" tests="1" failures="1" timestamp="20 Aug 2018 03:31:37 GMT" time="0.09" errors="0">
  <testcase name="test2" time="0.004" classname="testNGFailedTestRerun.Test2">
    <failure type="java.lang.AssertionError" message="expected [true] but found [false]">
      <![CDATA[java.lang.AssertionError: expected [true] but found [false]
	at testNGFailedTestRerun.Test2.test2(Test2.java:10)
... Removed 29 stack frames]]>
    </failure>
  </testcase> <!-- test2 -->
</testsuite> <!-- RetryMulitple1 -->
