<?xml version="1.0" encoding="UTF-8"?>
<!-- Generated by org.testng.reporters.JUnitXMLReporter -->
<testsuite hostname="JAGA" ignored="0" name="LinkedIn" tests="2" failures="1" timestamp="20 Aug 2018 02:54:57 GMT" time="17.352" errors="0">
  <testcase name="test1" time="0.037" classname="testNGFailedTestRerun.FailRerunExample"/>
  <testcase name="test2" time="0.005" classname="testNGFailedTestRerun.FailRerunExample">
    <failure type="java.lang.AssertionError" message="expected [true] but found [false]">
      <![CDATA[java.lang.AssertionError: expected [true] but found [false]
	at testNGFailedTestRerun.FailRerunExample.test2(FailRerunExample.java:53)
... Removed 29 stack frames]]>
    </failure>
  </testcase> <!-- test2 -->
</testsuite> <!-- LinkedIn -->
